<?xml version="1.0" encoding="UTF-8"?>
<!-- Generated by org.testng.reporters.JUnitXMLReporter -->
<testsuite ignored="0" hostname="DESKTOP-D57A3PS" failures="0" tests="10" name="FREE CRM App TestCases" time="215.36" errors="0" timestamp="15 Oct 2021 11:32:14 GMT">
  <testcase classname="com.crm.qa.testcases.ContactsPageTest" name="verifyContactspageTest" time="3.041"/>
  <testcase classname="com.crm.qa.testcases.HomePageTest" name="verifyHomePageTitleTest" time="0.012"/>
  <testcase classname="com.crm.qa.testcases.LoginPageTest" name="loginPageTitleTest" time="0.023"/>
  <testcase classname="com.crm.qa.testcases.ContactsPageTest" name="validateCreateNewContact" time="4.994"/>
  <testcase classname="com.crm.qa.testcases.ContactsPageTest" name="validateCreateNewContact" time="4.158"/>
  <testcase classname="com.crm.qa.testcases.ContactsPageTest" name="validateCreateNewContact" time="3.892"/>
  <testcase classname="com.crm.qa.testcases.HomePageTest" name="verifUserNameTest" time="0.089"/>
  <testcase classname="com.crm.qa.testcases.LoginPageTest" name="crmLogoImageTest" time="0.073"/>
  <testcase classname="com.crm.qa.testcases.HomePageTest" name="verifyContactsLinkTest" time="1.475"/>
  <testcase classname="com.crm.qa.testcases.LoginPageTest" name="loginTest" time="6.964"/>
</testsuite> <!-- FREE CRM App TestCases -->
